# JRE version: OpenJDK Runtime Environment (11.0.11+9) (build 11.0.11+9-b60-7590822)
# Java VM: OpenJDK 64-Bit Server VM (11.0.11+9-b60-7590822, mixed mode, tiered, compressed oops, g1 gc, windows-amd64)
Heap:
 garbage-first heap   total 733184K, used 346112K [0x0000000080000000, 0x0000000100000000)
  region size 1024K, 3 young (3072K), 3 survivors (3072K)
 Metaspace       used 128132K, capacity 131052K, committed 131068K, reserved 1163264K
  class space    used 15688K, capacity 16762K, committed 16768K, reserved 1048576K
GC Heap History (20 events):
Event: 92.428 GC heap after
{Heap after GC invocations=100 (full 0):
 garbage-first heap   total 278528K, used 239431K [0x0000000080000000, 0x0000000100000000)
  region size 1024K, 1 young (1024K), 1 survivors (1024K)
 Metaspace       used 128025K, capacity 130980K, committed 131068K, reserved 1163264K
  class space    used 15688K, capacity 16762K, committed 16768K, reserved 1048576K
}
Event: 92.496 GC heap before
{Heap before GC invocations=100 (full 0):
 garbage-first heap   total 278528K, used 251719K [0x0000000080000000, 0x0000000100000000)
  region size 1024K, 13 young (13312K), 1 survivors (1024K)
 Metaspace       used 128059K, capacity 130982K, committed 131068K, reserved 1163264K
  class space    used 15688K, capacity 16762K, committed 16768K, reserved 1048576K
}
Event: 92.500 GC heap after
{Heap after GC invocations=101 (full 0):
 garbage-first heap   total 278528K, used 244915K [0x0000000080000000, 0x0000000100000000)
  region size 1024K, 2 young (2048K), 2 survivors (2048K)
 Metaspace       used 128059K, capacity 130982K, committed 131068K, reserved 1163264K
  class space    used 15688K, capacity 16762K, committed 16768K, reserved 1048576K
}
Event: 92.537 GC heap before
{Heap before GC invocations=101 (full 0):
 garbage-first heap   total 278528K, used 256179K [0x0000000080000000, 0x0000000100000000)
  region size 1024K, 13 young (13312K), 2 survivors (2048K)
 Metaspace       used 128059K, capacity 130982K, committed 131068K, reserved 1163264K
  class space    used 15688K, capacity 16762K, committed 16768K, reserved 1048576K
}
Event: 92.542 GC heap after
{Heap after GC invocations=102 (full 0):
 garbage-first heap   total 278528K, used 256276K [0x0000000080000000, 0x0000000100000000)
  region size 1024K, 2 young (2048K), 2 survivors (2048K)
 Metaspace       used 128059K, capacity 130982K, committed 131068K, reserved 1163264K
  class space    used 15688K, capacity 16762K, committed 16768K, reserved 1048576K
}
Event: 92.577 GC heap before
{Heap before GC invocations=102 (full 0):
 garbage-first heap   total 278528K, used 267540K [0x0000000080000000, 0x0000000100000000)
  region size 1024K, 13 young (13312K), 2 survivors (2048K)
 Metaspace       used 128059K, capacity 130982K, committed 131068K, reserved 1163264K
  class space    used 15688K, capacity 16762K, committed 16768K, reserved 1048576K
}
Event: 92.584 GC heap after
{Heap after GC invocations=103 (full 0):
 garbage-first heap   total 280576K, used 267226K [0x0000000080000000, 0x0000000100000000)
  region size 1024K, 2 young (2048K), 2 survivors (2048K)
 Metaspace       used 128059K, capacity 130982K, committed 131068K, reserved 1163264K
  class space    used 15688K, capacity 16762K, committed 16768K, reserved 1048576K
}
Event: 92.612 GC heap before
{Heap before GC invocations=103 (full 0):
 garbage-first heap   total 280576K, used 278490K [0x0000000080000000, 0x0000000100000000)
  region size 1024K, 13 young (13312K), 2 survivors (2048K)
 Metaspace       used 128059K, capacity 130982K, committed 131068K, reserved 1163264K
  class space    used 15688K, capacity 16762K, committed 16768K, reserved 1048576K
}
Event: 92.623 GC heap after
{Heap after GC invocations=104 (full 0):
 garbage-first heap   total 292864K, used 279552K [0x0000000080000000, 0x0000000100000000)
  region size 1024K, 2 young (2048K), 2 survivors (2048K)
 Metaspace       used 128059K, capacity 130982K, committed 131068K, reserved 1163264K
  class space    used 15688K, capacity 16762K, committed 16768K, reserved 1048576K
}
Event: 92.681 GC heap before
{Heap before GC invocations=104 (full 0):
 garbage-first heap   total 292864K, used 291840K [0x0000000080000000, 0x0000000100000000)
  region size 1024K, 14 young (14336K), 2 survivors (2048K)
 Metaspace       used 128059K, capacity 130982K, committed 131068K, reserved 1163264K
  class space    used 15688K, capacity 16762K, committed 16768K, reserved 1048576K
}
Event: 92.693 GC heap after
{Heap after GC invocations=105 (full 0):
 garbage-first heap   total 305152K, used 290319K [0x0000000080000000, 0x0000000100000000)
  region size 1024K, 2 young (2048K), 2 survivors (2048K)
 Metaspace       used 128059K, capacity 130982K, committed 131068K, reserved 1163264K
  class space    used 15688K, capacity 16762K, committed 16768K, reserved 1048576K
}
Event: 92.854 GC heap before
{Heap before GC invocations=105 (full 0):
 garbage-first heap   total 305152K, used 302607K [0x0000000080000000, 0x0000000100000000)
  region size 1024K, 14 young (14336K), 2 survivors (2048K)
 Metaspace       used 128064K, capacity 130982K, committed 131068K, reserved 1163264K
  class space    used 15688K, capacity 16762K, committed 16768K, reserved 1048576K
}
Event: 92.861 GC heap after
{Heap after GC invocations=106 (full 0):
 garbage-first heap   total 401408K, used 293863K [0x0000000080000000, 0x0000000100000000)
  region size 1024K, 2 young (2048K), 2 survivors (2048K)
 Metaspace       used 128064K, capacity 130982K, committed 131068K, reserved 1163264K
  class space    used 15688K, capacity 16762K, committed 16768K, reserved 1048576K
}
Event: 93.077 GC heap before
{Heap before GC invocations=107 (full 0):
 garbage-first heap   total 401408K, used 319463K [0x0000000080000000, 0x0000000100000000)
  region size 1024K, 27 young (27648K), 2 survivors (2048K)
 Metaspace       used 128107K, capacity 130988K, committed 131068K, reserved 1163264K
  class space    used 15688K, capacity 16762K, committed 16768K, reserved 1048576K
}
Event: 93.083 GC heap after
{Heap after GC invocations=108 (full 0):
 garbage-first heap   total 401408K, used 296266K [0x0000000080000000, 0x0000000100000000)
  region size 1024K, 4 young (4096K), 4 survivors (4096K)
 Metaspace       used 128107K, capacity 130988K, committed 131068K, reserved 1163264K
  class space    used 15688K, capacity 16762K, committed 16768K, reserved 1048576K
}
Event: 93.175 GC heap before
{Heap before GC invocations=108 (full 0):
 garbage-first heap   total 401408K, used 323914K [0x0000000080000000, 0x0000000100000000)
  region size 1024K, 31 young (31744K), 4 survivors (4096K)
 Metaspace       used 128127K, capacity 131052K, committed 131068K, reserved 1163264K
  class space    used 15688K, capacity 16762K, committed 16768K, reserved 1048576K
}
Event: 93.186 GC heap after
{Heap after GC invocations=109 (full 0):
 garbage-first heap   total 401408K, used 317436K [0x0000000080000000, 0x0000000100000000)
  region size 1024K, 4 young (4096K), 4 survivors (4096K)
 Metaspace       used 128127K, capacity 131052K, committed 131068K, reserved 1163264K
  class space    used 15688K, capacity 16762K, committed 16768K, reserved 1048576K
}
Event: 93.213 GC heap before
{Heap before GC invocations=109 (full 0):
 garbage-first heap   total 401408K, used 332796K [0x0000000080000000, 0x0000000100000000)
  region size 1024K, 19 young (19456K), 4 survivors (4096K)
 Metaspace       used 128127K, capacity 131052K, committed 131068K, reserved 1163264K
  class space    used 15688K, capacity 16762K, committed 16768K, reserved 1048576K
}
Event: 93.230 GC heap after
{Heap after GC invocations=110 (full 0):
 garbage-first heap   total 401408K, used 333360K [0x0000000080000000, 0x0000000100000000)
  region size 1024K, 3 young (3072K), 3 survivors (3072K)
 Metaspace       used 128127K, capacity 131052K, committed 131068K, reserved 1163264K
  class space    used 15688K, capacity 16762K, committed 16768K, reserved 1048576K
}
Event: 93.287 GC heap before
{Heap before GC invocations=110 (full 0):
 garbage-first heap   total 401408K, used 349744K [0x0000000080000000, 0x0000000100000000)
  region size 1024K, 19 young (19456K), 3 survivors (3072K)
 Metaspace       used 128132K, capacity 131052K, committed 131068K, reserved 1163264K
  class space    used 15688K, capacity 16762K, committed 16768K, reserved 1048576K
}

