# JRE version: OpenJDK Runtime Environment (11.0.11+9) (build 11.0.11+9-b60-7590822)
# Java VM: OpenJDK 64-Bit Server VM (11.0.11+9-b60-7590822, mixed mode, tiered, compressed oops, g1 gc, windows-amd64)
Heap:
 garbage-first heap   total 502784K, used 419267K [0x0000000080000000, 0x0000000100000000)
  region size 1024K, 148 young (151552K), 3 survivors (3072K)
 Metaspace       used 153771K, capacity 157863K, committed 158208K, reserved 1187840K
  class space    used 18575K, capacity 20124K, committed 20224K, reserved 1048576K
GC Heap History (20 events):
Event: 108.069 GC heap before
{Heap before GC invocations=100 (full 0):
 garbage-first heap   total 502784K, used 246052K [0x0000000080000000, 0x0000000100000000)
  region size 1024K, 24 young (24576K), 16 survivors (16384K)
 Metaspace       used 137529K, capacity 141092K, committed 141184K, reserved 1173504K
  class space    used 16688K, capacity 17995K, committed 18048K, reserved 1048576K
}
Event: 108.090 GC heap after
{Heap after GC invocations=101 (full 0):
 garbage-first heap   total 502784K, used 220592K [0x0000000080000000, 0x0000000100000000)
  region size 1024K, 3 young (3072K), 3 survivors (3072K)
 Metaspace       used 137529K, capacity 141092K, committed 141184K, reserved 1173504K
  class space    used 16688K, capacity 17995K, committed 18048K, reserved 1048576K
}
Event: 109.004 GC heap before
{Heap before GC invocations=101 (full 0):
 garbage-first heap   total 502784K, used 348592K [0x0000000080000000, 0x0000000100000000)
  region size 1024K, 128 young (131072K), 3 survivors (3072K)
 Metaspace       used 143333K, capacity 147366K, committed 147584K, reserved 1177600K
  class space    used 17679K, capacity 19202K, committed 19328K, reserved 1048576K
}
Event: 109.019 GC heap after
{Heap after GC invocations=102 (full 0):
 garbage-first heap   total 502784K, used 232211K [0x0000000080000000, 0x0000000100000000)
  region size 1024K, 14 young (14336K), 14 survivors (14336K)
 Metaspace       used 143333K, capacity 147366K, committed 147584K, reserved 1177600K
  class space    used 17679K, capacity 19202K, committed 19328K, reserved 1048576K
}
Event: 110.125 GC heap before
{Heap before GC invocations=102 (full 0):
 garbage-first heap   total 502784K, used 363283K [0x0000000080000000, 0x0000000100000000)
  region size 1024K, 143 young (146432K), 14 survivors (14336K)
 Metaspace       used 145533K, capacity 149663K, committed 149888K, reserved 1179648K
  class space    used 17952K, capacity 19532K, committed 19584K, reserved 1048576K
}
Event: 110.143 GC heap after
{Heap after GC invocations=103 (full 0):
 garbage-first heap   total 502784K, used 238802K [0x0000000080000000, 0x0000000100000000)
  region size 1024K, 7 young (7168K), 7 survivors (7168K)
 Metaspace       used 145533K, capacity 149663K, committed 149888K, reserved 1179648K
  class space    used 17952K, capacity 19532K, committed 19584K, reserved 1048576K
}
Event: 110.262 GC heap before
{Heap before GC invocations=103 (full 0):
 garbage-first heap   total 502784K, used 256210K [0x0000000080000000, 0x0000000100000000)
  region size 1024K, 25 young (25600K), 7 survivors (7168K)
 Metaspace       used 145785K, capacity 149959K, committed 150144K, reserved 1179648K
  class space    used 17975K, capacity 19565K, committed 19584K, reserved 1048576K
}
Event: 110.271 GC heap after
{Heap after GC invocations=104 (full 0):
 garbage-first heap   total 502784K, used 239826K [0x0000000080000000, 0x0000000100000000)
  region size 1024K, 8 young (8192K), 8 survivors (8192K)
 Metaspace       used 145785K, capacity 149959K, committed 150144K, reserved 1179648K
  class space    used 17975K, capacity 19565K, committed 19584K, reserved 1048576K
}
Event: 111.021 GC heap before
{Heap before GC invocations=105 (full 0):
 garbage-first heap   total 502784K, used 366802K [0x0000000080000000, 0x0000000100000000)
  region size 1024K, 131 young (134144K), 8 survivors (8192K)
 Metaspace       used 145798K, capacity 149680K, committed 150656K, reserved 1179648K
  class space    used 17826K, capacity 19284K, committed 19584K, reserved 1048576K
}
Event: 111.032 GC heap after
{Heap after GC invocations=106 (full 0):
 garbage-first heap   total 502784K, used 243289K [0x0000000080000000, 0x0000000100000000)
  region size 1024K, 13 young (13312K), 13 survivors (13312K)
 Metaspace       used 145798K, capacity 149680K, committed 150656K, reserved 1179648K
  class space    used 17826K, capacity 19284K, committed 19584K, reserved 1048576K
}
Event: 111.061 GC heap before
{Heap before GC invocations=106 (full 0):
 garbage-first heap   total 502784K, used 254553K [0x0000000080000000, 0x0000000100000000)
  region size 1024K, 24 young (24576K), 13 survivors (13312K)
 Metaspace       used 145858K, capacity 149706K, committed 150656K, reserved 1179648K
  class space    used 17832K, capacity 19293K, committed 19584K, reserved 1048576K
}
Event: 111.076 GC heap after
{Heap after GC invocations=107 (full 0):
 garbage-first heap   total 502784K, used 231734K [0x0000000080000000, 0x0000000100000000)
  region size 1024K, 2 young (2048K), 2 survivors (2048K)
 Metaspace       used 145858K, capacity 149706K, committed 150656K, reserved 1179648K
  class space    used 17832K, capacity 19293K, committed 19584K, reserved 1048576K
}
Event: 111.589 GC heap before
{Heap before GC invocations=107 (full 0):
 garbage-first heap   total 502784K, used 368950K [0x0000000080000000, 0x0000000100000000)
  region size 1024K, 137 young (140288K), 2 survivors (2048K)
 Metaspace       used 146360K, capacity 150256K, committed 151040K, reserved 1181696K
  class space    used 17861K, capacity 19338K, committed 19712K, reserved 1048576K
}
Event: 111.597 GC heap after
{Heap after GC invocations=108 (full 0):
 garbage-first heap   total 502784K, used 235133K [0x0000000080000000, 0x0000000100000000)
  region size 1024K, 6 young (6144K), 6 survivors (6144K)
 Metaspace       used 146360K, capacity 150256K, committed 151040K, reserved 1181696K
  class space    used 17861K, capacity 19338K, committed 19712K, reserved 1048576K
}
Event: 111.737 GC heap before
{Heap before GC invocations=108 (full 0):
 garbage-first heap   total 502784K, used 261757K [0x0000000080000000, 0x0000000100000000)
  region size 1024K, 34 young (34816K), 6 survivors (6144K)
 Metaspace       used 146518K, capacity 150406K, committed 151296K, reserved 1181696K
  class space    used 17861K, capacity 19338K, committed 19712K, reserved 1048576K
}
Event: 111.744 GC heap after
{Heap after GC invocations=109 (full 0):
 garbage-first heap   total 502784K, used 236787K [0x0000000080000000, 0x0000000100000000)
  region size 1024K, 7 young (7168K), 7 survivors (7168K)
 Metaspace       used 146518K, capacity 150406K, committed 151296K, reserved 1181696K
  class space    used 17861K, capacity 19338K, committed 19712K, reserved 1048576K
}
Event: 112.707 GC heap before
{Heap before GC invocations=110 (full 0):
 garbage-first heap   total 502784K, used 382195K [0x0000000080000000, 0x0000000100000000)
  region size 1024K, 151 young (154624K), 7 survivors (7168K)
 Metaspace       used 147049K, capacity 150995K, committed 151552K, reserved 1181696K
  class space    used 17887K, capacity 19393K, committed 19712K, reserved 1048576K
}
Event: 112.716 GC heap after
{Heap after GC invocations=111 (full 0):
 garbage-first heap   total 502784K, used 232979K [0x0000000080000000, 0x0000000100000000)
  region size 1024K, 6 young (6144K), 6 survivors (6144K)
 Metaspace       used 147049K, capacity 150995K, committed 151552K, reserved 1181696K
  class space    used 17887K, capacity 19393K, committed 19712K, reserved 1048576K
}
Event: 113.117 GC heap before
{Heap before GC invocations=111 (full 0):
 garbage-first heap   total 502784K, used 250387K [0x0000000080000000, 0x0000000100000000)
  region size 1024K, 24 young (24576K), 6 survivors (6144K)
 Metaspace       used 147665K, capacity 151582K, committed 152064K, reserved 1181696K
  class space    used 17972K, capacity 19473K, committed 19712K, reserved 1048576K
}
Event: 113.139 GC heap after
{Heap after GC invocations=112 (full 0):
 garbage-first heap   total 502784K, used 218564K [0x0000000080000000, 0x0000000100000000)
  region size 1024K, 3 young (3072K), 3 survivors (3072K)
 Metaspace       used 147665K, capacity 151582K, committed 152064K, reserved 1181696K
  class space    used 17972K, capacity 19473K, committed 19712K, reserved 1048576K
}

